2019-Jul-28 16:41:29.611 ERROR [main] o.s.b.l.LoggingApplicationListener - Cannot set level: INFO,CONSOLE for 'null'
2019-Jul-28 16:41:29.866 INFO  [main] c.e.S.Application - Starting Application on DESKTOP-8C4IFS7 with PID 1308 (E:\dockerize_postgress_spring_react_app\full_stack_dockerised_app\full_stack_docker_app\springboot_app\springboot\target\classes started by ankit in E:\dockerize_postgress_spring_react_app\full_stack_dockerised_app\full_stack_docker_app\springboot_app\springboot)
2019-Jul-28 16:41:29.866 INFO  [main] c.e.S.Application - No active profile set, falling back to default profiles: default
2019-Jul-28 16:41:30.022 INFO  [main] o.s.b.c.e.AnnotationConfigEmbeddedWebApplicationContext - Refreshing org.springframework.boot.context.embedded.AnnotationConfigEmbeddedWebApplicationContext@433defed: startup date [Sun Jul 28 16:41:29 IST 2019]; root of context hierarchy
2019-Jul-28 16:41:33.854 INFO  [main] o.s.b.c.e.t.TomcatEmbeddedServletContainer - Tomcat initialized with port(s): 8090 (http)
2019-Jul-28 16:41:33.876 INFO  [main] o.a.c.c.StandardService - Starting service [Tomcat]
2019-Jul-28 16:41:33.876 INFO  [main] o.a.c.c.StandardEngine - Starting Servlet Engine: Apache Tomcat/8.5.23
2019-Jul-28 16:41:34.257 INFO  [localhost-startStop-1] o.a.c.c.C.[.[.[/] - Initializing Spring embedded WebApplicationContext
2019-Jul-28 16:41:34.261 INFO  [localhost-startStop-1] o.s.w.c.ContextLoader - Root WebApplicationContext: initialization completed in 4270 ms
2019-Jul-28 16:41:34.754 INFO  [localhost-startStop-1] o.s.b.w.s.ServletRegistrationBean - Mapping servlet: 'dispatcherServlet' to [/]
2019-Jul-28 16:41:34.754 INFO  [localhost-startStop-1] o.s.b.w.s.FilterRegistrationBean - Mapping filter: 'characterEncodingFilter' to: [/*]
2019-Jul-28 16:41:34.754 INFO  [localhost-startStop-1] o.s.b.w.s.FilterRegistrationBean - Mapping filter: 'hiddenHttpMethodFilter' to: [/*]
2019-Jul-28 16:41:34.754 INFO  [localhost-startStop-1] o.s.b.w.s.FilterRegistrationBean - Mapping filter: 'httpPutFormContentFilter' to: [/*]
2019-Jul-28 16:41:34.770 INFO  [localhost-startStop-1] o.s.b.w.s.FilterRegistrationBean - Mapping filter: 'requestContextFilter' to: [/*]
2019-Jul-28 16:41:37.346 INFO  [main] o.s.o.j.LocalContainerEntityManagerFactoryBean - Building JPA container EntityManagerFactory for persistence unit 'default'
2019-Jul-28 16:41:37.378 INFO  [main] o.h.j.i.u.LogHelper - HHH000204: Processing PersistenceUnitInfo [
	name: default
	...]
2019-Jul-28 16:41:37.565 INFO  [main] o.h.Version - HHH000412: Hibernate Core {5.0.12.Final}
2019-Jul-28 16:41:37.565 INFO  [main] o.h.c.Environment - HHH000206: hibernate.properties not found
2019-Jul-28 16:41:37.565 INFO  [main] o.h.c.Environment - HHH000021: Bytecode provider name : javassist
2019-Jul-28 16:41:37.659 INFO  [main] o.h.a.c.Version - HCANN000001: Hibernate Commons Annotations {5.0.1.Final}
2019-Jul-28 16:41:37.909 INFO  [main] o.h.d.Dialect - HHH000400: Using dialect: org.hibernate.dialect.PostgreSQLDialect
2019-Jul-28 16:41:38.372 INFO  [main] o.h.e.j.e.i.LobCreatorBuilderImpl - HHH000424: Disabling contextual LOB creation as createClob() method threw error : java.lang.reflect.InvocationTargetException
2019-Jul-28 16:41:38.379 INFO  [main] o.h.t.BasicTypeRegistry - HHH000270: Type registration [java.util.UUID] overrides previous : org.hibernate.type.UUIDBinaryType@58feb6b0
2019-Jul-28 16:41:39.052 INFO  [main] o.h.t.h.SchemaUpdate - HHH000228: Running hbm2ddl schema update
2019-Jul-28 16:41:39.285 INFO  [main] o.s.o.j.LocalContainerEntityManagerFactoryBean - Initialized JPA EntityManagerFactory for persistence unit 'default'
2019-Jul-28 16:41:39.816 INFO  [main] o.h.h.i.QueryTranslatorFactoryInitiator - HHH000397: Using ASTQueryTranslatorFactory
2019-Jul-28 16:41:40.835 INFO  [main] o.s.w.s.m.m.a.RequestMappingHandlerAdapter - Looking for @ControllerAdvice: org.springframework.boot.context.embedded.AnnotationConfigEmbeddedWebApplicationContext@433defed: startup date [Sun Jul 28 16:41:29 IST 2019]; root of context hierarchy
2019-Jul-28 16:41:41.003 INFO  [main] o.s.w.s.m.m.a.RequestMappingHandlerMapping - Mapped "{[/topics/update/{id}],methods=[PUT]}" onto public java.lang.String com.example.Spring_Boot_Application.controller.SpringController.updateTopic(com.example.Spring_Boot_Application.model.Topic,java.lang.String)
2019-Jul-28 16:41:41.019 INFO  [main] o.s.w.s.m.m.a.RequestMappingHandlerMapping - Mapped "{[/topics/{id}]}" onto public com.example.Spring_Boot_Application.model.Topic com.example.Spring_Boot_Application.controller.SpringController.getRequiredTopic(java.lang.String)
2019-Jul-28 16:41:41.019 INFO  [main] o.s.w.s.m.m.a.RequestMappingHandlerMapping - Mapped "{[/topics/add],methods=[POST]}" onto public java.lang.String com.example.Spring_Boot_Application.controller.SpringController.addTopic(com.example.Spring_Boot_Application.model.Topic)
2019-Jul-28 16:41:41.019 INFO  [main] o.s.w.s.m.m.a.RequestMappingHandlerMapping - Mapped "{[/hello]}" onto public java.lang.String com.example.Spring_Boot_Application.controller.SpringController.helloMethod()
2019-Jul-28 16:41:41.019 INFO  [main] o.s.w.s.m.m.a.RequestMappingHandlerMapping - Mapped "{[/topics]}" onto public java.util.List<com.example.Spring_Boot_Application.model.Topic> com.example.Spring_Boot_Application.controller.SpringController.listOfTopcs()
2019-Jul-28 16:41:41.019 INFO  [main] o.s.w.s.m.m.a.RequestMappingHandlerMapping - Mapped "{[/topics/delete/{id}],methods=[DELETE]}" onto public java.lang.String com.example.Spring_Boot_Application.controller.SpringController.deleteTopic(java.lang.String)
2019-Jul-28 16:41:41.019 INFO  [main] o.s.w.s.m.m.a.RequestMappingHandlerMapping - Mapped "{[/topicsWithDelay]}" onto public java.util.List<com.example.Spring_Boot_Application.model.Topic> com.example.Spring_Boot_Application.controller.SpringController.listOfTopcsWithDelay()
2019-Jul-28 16:41:41.019 INFO  [main] o.s.w.s.m.m.a.RequestMappingHandlerMapping - Mapped "{[/error]}" onto public org.springframework.http.ResponseEntity<java.util.Map<java.lang.String, java.lang.Object>> org.springframework.boot.autoconfigure.web.BasicErrorController.error(javax.servlet.http.HttpServletRequest)
2019-Jul-28 16:41:41.019 INFO  [main] o.s.w.s.m.m.a.RequestMappingHandlerMapping - Mapped "{[/error],produces=[text/html]}" onto public org.springframework.web.servlet.ModelAndView org.springframework.boot.autoconfigure.web.BasicErrorController.errorHtml(javax.servlet.http.HttpServletRequest,javax.servlet.http.HttpServletResponse)
2019-Jul-28 16:41:41.104 INFO  [main] o.s.w.s.h.SimpleUrlHandlerMapping - Mapped URL path [/webjars/**] onto handler of type [class org.springframework.web.servlet.resource.ResourceHttpRequestHandler]
2019-Jul-28 16:41:41.108 INFO  [main] o.s.w.s.h.SimpleUrlHandlerMapping - Mapped URL path [/**] onto handler of type [class org.springframework.web.servlet.resource.ResourceHttpRequestHandler]
2019-Jul-28 16:41:41.228 INFO  [main] o.s.w.s.h.SimpleUrlHandlerMapping - Mapped URL path [/**/favicon.ico] onto handler of type [class org.springframework.web.servlet.resource.ResourceHttpRequestHandler]
2019-Jul-28 16:41:41.853 INFO  [main] o.s.j.e.a.AnnotationMBeanExporter - Registering beans for JMX exposure on startup
2019-Jul-28 16:41:42.018 INFO  [main] o.s.b.c.e.t.TomcatEmbeddedServletContainer - Tomcat started on port(s): 8090 (http)
2019-Jul-28 16:41:42.033 INFO  [main] c.e.S.Application - Started Application in 13.055 seconds (JVM running for 15.458)
2019-Jul-28 16:42:00.011 INFO  [RMI TCP Connection(9)-127.0.0.1] o.s.b.a.SpringApplicationAdminMXBeanRegistrar$SpringApplicationAdmin - Application shutdown requested.
2019-Jul-28 16:42:00.024 INFO  [RMI TCP Connection(9)-127.0.0.1] o.s.b.c.e.AnnotationConfigEmbeddedWebApplicationContext - Closing org.springframework.boot.context.embedded.AnnotationConfigEmbeddedWebApplicationContext@433defed: startup date [Sun Jul 28 16:41:29 IST 2019]; root of context hierarchy
2019-Jul-28 16:42:00.026 INFO  [RMI TCP Connection(9)-127.0.0.1] o.s.j.e.a.AnnotationMBeanExporter - Unregistering JMX-exposed beans on shutdown
2019-Jul-28 16:42:00.026 INFO  [RMI TCP Connection(9)-127.0.0.1] o.s.o.j.LocalContainerEntityManagerFactoryBean - Closing JPA EntityManagerFactory for persistence unit 'default'
